G4BL_DIR=/Applications/G4beamline-3.08.app/Contents
LD_LIBRARY_PATH='/Applications/G4beamline-3.08.app/Contents/lib:'
G4ABLADATA=/Users/rithika/code/Geant4Data/G4ABLA3.1
G4LEDATA=/Users/rithika/code/Geant4Data/G4EMLOW8.0
G4ENSDFSTATEDATA=/Users/rithika/code/Geant4Data/G4ENSDFSTATE2.3
G4INCLDATA=/Users/rithika/code/Geant4Data/G4INCL1.0
G4NEUTRONHPDATA=/Users/rithika/code/Geant4Data/G4NDL4.6
G4PARTICLEXSDATA=/Users/rithika/code/Geant4Data/G4PARTICLEXS4.0
G4PIIDATA=/Users/rithika/code/Geant4Data/G4PII1.3
G4LEVELGAMMADATA=/Users/rithika/code/Geant4Data/PhotonEvaporation5.7
G4RADIOACTIVEDATA=/Users/rithika/code/Geant4Data/RadioactiveDecay5.6
G4REALSURFACEDATA=/Users/rithika/code/Geant4Data/RealSurface2.2
G4SAIDXSDATA=/Users/rithika/code/Geant4Data/G4SAIDDATA2.0
G4TENDLDATA=/Users/rithika/code/Geant4Data/G4TENDL1.4
G4beamline Process ID 76910

*************************************************************
 g4beamline version: 3.08                        (Oct  8 2022)
                      Copyright : Tom Roberts, Muons, Inc.
                        License : Gnu Public License
                            WWW : http://g4beamline.muonsinc.com

          ################################
          !!! G4Backtrace is activated !!!
          ################################


**************************************************************
 Geant4 version Name: geant4-11-00-patch-02 [MT]   (25-May-2022)
                       Copyright : Geant4 Collaboration
                      References : NIM A 506 (2003), 250-303
                                 : IEEE-TNS 53 (2006), 270-278
                                 : NIM A 835 (2016), 186-225
                             WWW : http://geant4.org/
**************************************************************

param        viewer        best,1
geometry                   nPoints=100 printGeometry=0 visual=0
                           tolerance=0.002
G4PhysListFactory::GetReferencePhysList <QGSP_BIC>  EMoption= 0
<<< Geant4 Physics List simulation engine: QGSP_BIC


physics      QGSP_BIC      disable= inactivate= deactivate= doStochastics=0
                           fluct=1 minRangeCut=1 list=0 gammaToMuPair=0
                           spinTracking=0 synchrotronRadiation=0
                           synchrotronRadiationMuon=0 maxTime=1e+06
param        part          mu+
param        nbeamevents   100
param        channelname   nodet-deltap0p1-xoffset0
param        outdir        ../output
param        pi            3.141592654
param        c             2.997925e+08
param        m             105.7
param        todegrees     57.29578
param        toradian      0.017453293
param        dp            0.1
param        p             200
param        v             1.8921476
param        dx            0
param        dy            0
param        dxp           0
param        dyp           0
param        X             0
param        Y             0
param        Xp            0
param        Yp            0
param        solInner      400.0
param        solThickness  100.0
param        solOuter      500
param        solLength     400.0
param        solCurrent    100.0
param        solPitch      0.0
param        period        1000.0
param        tiltx         0
param        tilty         0.0
param        tiltz         0.0
trace                      nTrace=1 format=asciiTrace oneNTuple=1
                           primaryOnly=0 traceTune=1
                           filename=../output/trace_nodet-deltap0p1-xoffset0.txt
                           file=../output/trace_nodet-deltap0p1-xoffset0.txt
                           require= coordinates=Centerline
beam    GAUSSIAN particle=mu+ nEvents=100 firstEvent=-1 lastEvent=2147483647 beamX=0.0 beamY=0.0 beamZ=-5000.0 maxR=1000000.0 
		meanMomentum=200.1 weight=1.000000 
		sigmaX=0.0 sigmaY=0.0 sigmaZ=0.0 sigmaXp=0.00000 sigmaYp=0.00000 
		sigmaP=0.0 sigmaT=1.000 meanXp=0.00000 meanYp=0.00000 meanT=0.000 
trackcuts                  kill= keep= killSecondaries=1 kineticEnergyCut=0
                           kineticEnergyMax=1.798e+308 maxTime=1e+06
                           keepPrimaries=0 steppingVerbose=0
reference                  particle=mu+ beamX=0 beamY=0 beamZ=-5000 beamT=0
                           rotation= referenceMomentum=200 beamXp=0 beamYp=0
                           meanMomentum=200 meanXp=0 meanYp=0 tuneZ=-3.7e+21
                           tuneMomentum=-3.7e+21 tolerance=0.001 noEfield=0
                           noBfield=0 noEloss=0 P=200
particlecolor              reference=1,1,1
coil    Coil1   innerRadius=400.0 outerRadius=500.0 length=400.0 material=Cu 
		tolerance=0.002 nSheets=0 
		maxR=5000.0 maxZ=10000.0 dR=0.0 dZ=0.0 filename=Coil1.dat 
coilmap Coil1   tolerance=0.00200 [fraction of Bz(r=0,z=0)]
coilmap Coil1   read file 'Coil1.dat'  dR=15.6 dZ=15.6
solenoid     SolPos        coilName=Coil1 current=100 color=1,0,0 alternate=0
                           kill=0 coil=Coil1
solenoid     SolNeg        coilName=Coil1 current=-100 color=0,0,1 alternate=0
                           kill=0 coil=Coil1
virtualdetector det        radius=300 innerRadius=0 height=600 width=600
                           length=0.001 maxStep=100 material= color=
                           noSingles=0 format=bltrackfile filename= file=
                           require= referenceParticle=0 coordinates=Centerline
                           kill=0
place   SolPos  copies=1 x=0.0 y=0.0 z=0.0 rotation='X0,Y0.0,Z0.0'
place   det     copies=1 x=0.0 y=0.0 z=-10000.0 
                color=0,1,0
place   det     copies=1 x=0.0 y=0.0 z=-5000.0 
                color=0,1,0
place   det     copies=1 x=0.0 y=0.0 z=0.0 
                color=0,1,0
place   det     copies=1 x=0.0 y=0.0 z=5000.0 
                color=0,1,0
place   det     copies=1 x=0.0 y=0.0 z=10000.0 
                color=0,1,0
fieldlines                 t=0 center=0,0,0 radius=100 nLines=100 dl=10
                           color=1,1,1 minField=0.001 maxPoints=10000
                           subdivide=10 N=128 exit=0 square=0 Efield=0
                           forever=0

World size (before incrementing by 201.357 mm): 1000.0 H  1000.0 W  20000.0 L

PARAMETERS:
              X=0
             Xp=0
              Y=0
             Yp=0
            Zcl=10000
              c=2.997925e+08
    channelname=nodet-deltap0p1-xoffset0
     deltaChord=3.0
deltaIntersection=0.1
   deltaOneStep=0.01
             dp=0.1
             dx=0
            dxp=0
             dy=0
            dyp=0
         epsMax=0.05
         epsMin=2.5e-7
 eventTimeLimit=30
    fieldVoxels=200,200,200
      histoFile=g4beamline
    histoUpdate=0
              m=105.7
        maxStep=100.0
        minStep=0.01
    nbeamevents=100
         outdir=../output
              p=200
           part=mu+
         period=1000.0
             pi=3.141592654
     solCurrent=100.0
       solInner=400.0
      solLength=400.0
       solOuter=500
       solPitch=0.0
   solThickness=100.0
 steppingFormat=N GLOBAL CL KE STEP VOL PROCESS
steppingVerbose=0
          tiltx=0
          tilty=0.0
          tiltz=0.0
      todegrees=57.29578
       toradian=0.017453293
              v=1.8921476
         viewer=best,1
 wallClockLimit=-1
  worldMaterial=Vacuum
     zTolerance=2.0
Checking overlaps for volume SolPos:0 (G4Tubs) ... OK! 
BLCMDsolenoid::Construct SolPos parent= relZ=0.0 globZ=0.0
	global pos=0.0,0.0,0.0  Checking overlaps for volume det:0 (G4Tubs) ... OK! 
BLCMDvirtualdetector::Construct det parent= relZ=-10000.0 globZ=-10000.0
Checking overlaps for volume det:0 (G4Tubs) ... OK! 
**************************************************************************
*** G4Exception: Duplicate NTuple
***    severity: Warning
***   issued by: BLNTuple
*** description: VirtualDetector/det
**************************************************************************
BLCMDvirtualdetector::Construct det parent= relZ=-5000.0 globZ=-5000.0
Checking overlaps for volume det:0 (G4Tubs) ... OK! 
**************************************************************************
*** G4Exception: Duplicate NTuple
***    severity: Warning
***   issued by: BLNTuple
*** description: VirtualDetector/det
**************************************************************************
BLCMDvirtualdetector::Construct det parent= relZ=0.0 globZ=0.0
Checking overlaps for volume det:0 (G4Tubs) ... OK! 
**************************************************************************
*** G4Exception: Duplicate NTuple
***    severity: Warning
***   issued by: BLNTuple
*** description: VirtualDetector/det
**************************************************************************
BLCMDvirtualdetector::Construct det parent= relZ=5000.0 globZ=5000.0
Checking overlaps for volume det:0 (G4Tubs) ... OK! 
**************************************************************************
*** G4Exception: Duplicate NTuple
***    severity: Warning
***   issued by: BLNTuple
*** description: VirtualDetector/det
**************************************************************************
BLCMDvirtualdetector::Construct det parent= relZ=10000.0 globZ=10000.0
### Adding tracking cuts for neutron  TimeCut(ns)= 10000  KinEnergyCut(MeV)= 0

Geometry test nPoints=100 tolerance=0.002 mm:
Testing geometry for children of group 'World':
Total geometry errors = 0  0 seconds

================= Prepare Tune Particle(s) ===========
================= Begin Tune Particle(s) =============
**************************************************************************
*** G4Exception: EM Field Extends Outside World
***    severity: Warning
***   issued by: BLGlobalField
*** description: May give inaccurate tracking near world boundary.
***     EventID: -2     TrackID: 1   mu+  KE=120.5 MeV
**************************************************************************
Run complete  1 Events  0 seconds
================== Begin Reference Particle(s) ===============
Run complete  1 Events  0 seconds
================== Prepare Visualization ==================
**************************************************************************
*** G4Exception: All stochastic processes disabled
***    severity: Warning
***   issued by: physics
**************************************************************************
Available UI session types: [ Qt, tcsh, csh ]
Visualization Manager instantiating with verbosity "warnings (3)"...
Visualization Manager initialising...
Registering graphics systems...

You have successfully registered the following graphics systems.
Registered graphics systems are:
  ASCIITree (ATree)
  DAWNFILE (DAWNFILE)
  G4HepRepFile (HepRepFile)
  RayTracer (RayTracer)
  VRML2FILE (VRML2FILE)
  gMocrenFile (gMocrenFile)
  OpenGLImmediateQt (OGLIQt, OGLI)
  OpenGLStoredQt (OGLSQt, OGL, OGLS)
  Qt3D (Qt3D)

Registering model factories...

You have successfully registered the following model factories.
Registered model factories:
  generic
  drawByAttribute
  drawByCharge
  drawByOriginVolume
  drawByParticleID
  drawByEncounteredVolume

Registered models:
  None

Registered filter factories:
  attributeFilter
  chargeFilter
  originVolumeFilter
  particleFilter
  encounteredVolumeFilter

Registered filters:
  None

You have successfully registered the following user vis actions.
Run Duration User Vis Actions: none
End of Event User Vis Actions: none
End of Run User Vis Actions: none

Some /vis commands (optionally) take a string to specify colour.
"/vis/list" to see available colours.

Selected visualization viewer: Qt
BLVisManager init: /vis/open OGLSQt
BLVisManager init: /vis/viewer/set/auxiliaryEdge true
BLVisManager init: /vis/viewer/set/style surface
BLVisManager init: /vis/viewer/set/viewpointThetaPhi 0 0 deg
BLVisManager init: /vis/drawVolume
BLVisManager init: /tracking/storeTrajectory 1
BLVisManager init: /vis/scene/add/trajectories
/tracking/storeTrajectory 1
Attributes available for modeling and filtering with
  "/vis/modeling/trajectories/create/drawByAttribute" and
  "/vis/filtering/trajectories/create/attributeFilter" commands:
G4TrajectoriesModel:
  Event ID (EventID): G4int
  Run ID (RunID): G4int
G4Trajectory:
  Charge (Ch): unit: e+ (G4double)
  Track ID (ID): G4int
  Initial kinetic energy (IKE): G4BestUnit (G4double)
  Initial momentum magnitude (IMag): G4BestUnit (G4double)
  Initial momentum (IMom): G4BestUnit (G4ThreeVector)
  No. of points (NTP): G4int
  PDG Encoding (PDG): G4int
  Parent ID (PID): G4int
  Particle Name (PN): G4String
G4TrajectoryPoint:
  Position (Pos): G4BestUnit (G4ThreeVector)
WARNING: Trajectory storing has been requested.  This action may be
  reversed with "/tracking/storeTrajectory 0".
BLVisManager init: /vis/scene/endOfEventAction accumulate -1
WARNING: The vis manager will keep an unlimited number of events.
  This may use a lot of memory.
  It may be changed with, e.g., "/vis/scene/endOfEventAction accumulate 10".
BLVisManager init: /vis/viewer/set/hiddenMarker true


fieldlines: trying for ~ 100 field lines... got 54
fieldlines: generating 54 field lines... done.

WARNING: No extent set for user vis action "DrawMarkers".
WARNING: User Vis Action "DrawMarkers" extent is null.
 Changing export format to "jpg"
2025-06-05 14:23:16.168 g4bl[76910:26526508] +[IMKClient subclass]: chose IMKClient_Modern
2025-06-05 14:23:16.169 g4bl[76910:26526508] +[IMKInputSession subclass]: chose IMKInputSession_Modern

Graphics systems deleted.
Visualization Manager deleting...

Exceptions: 0 Fatal, 0 Events Aborted, 0 Stuck Tracks (stopped), 6 Warnings
      1 times: All stochastic processes disabled
      4 times: Duplicate NTuple
      1 times: EM Field Extends Outside World
g4beamline: simulation complete
