G4BL_DIR=/Applications/G4beamline-3.08.app/Contents
LD_LIBRARY_PATH='/Applications/G4beamline-3.08.app/Contents/lib:'
G4ABLADATA=/Users/rithika/Geant4Data/G4ABLA3.1
G4LEDATA=/Users/rithika/Geant4Data/G4EMLOW8.0
G4ENSDFSTATEDATA=/Users/rithika/Geant4Data/G4ENSDFSTATE2.3
G4INCLDATA=/Users/rithika/Geant4Data/G4INCL1.0
G4NEUTRONHPDATA=/Users/rithika/Geant4Data/G4NDL4.6
G4PARTICLEXSDATA=/Users/rithika/Geant4Data/G4PARTICLEXS4.0
G4PIIDATA=/Users/rithika/Geant4Data/G4PII1.3
G4LEVELGAMMADATA=/Users/rithika/Geant4Data/PhotonEvaporation5.7
G4RADIOACTIVEDATA=/Users/rithika/Geant4Data/RadioactiveDecay5.6
G4REALSURFACEDATA=/Users/rithika/Geant4Data/RealSurface2.2
G4SAIDXSDATA=/Users/rithika/Geant4Data/G4SAIDDATA2.0
G4TENDLDATA=/Users/rithika/Geant4Data/G4TENDL1.4
G4beamline Process ID 28820

*************************************************************
 g4beamline version: 3.08                        (Oct  8 2022)
                      Copyright : Tom Roberts, Muons, Inc.
                        License : Gnu Public License
                            WWW : http://g4beamline.muonsinc.com

          ################################
          !!! G4Backtrace is activated !!!
          ################################


**************************************************************
 Geant4 version Name: geant4-11-00-patch-02 [MT]   (25-May-2022)
                       Copyright : Geant4 Collaboration
                      References : NIM A 506 (2003), 250-303
                                 : IEEE-TNS 53 (2006), 270-278
                                 : NIM A 835 (2016), 186-225
                             WWW : http://geant4.org/
**************************************************************

param        viewer        best,1
geometry                   nPoints=100 printGeometry=0 visual=0
                           tolerance=0.002
param        pi            3.141592654
param        degrad        0.017453293
param        refP          200.0
param        beamxp        0.0
param        beamyp        -0.0073
randomseed                 print=0
G4PhysListFactory::GetReferencePhysList <QGSP_BIC>  EMoption= 0
<<< Geant4 Physics List simulation engine: QGSP_BIC


physics      QGSP_BIC      disable= inactivate= deactivate= doStochastics=0
                           fluct=1 minRangeCut=1 list=0 gammaToMuPair=0
                           spinTracking=0 synchrotronRadiation=0
                           synchrotronRadiationMuon=0 maxTime=1e+06
reference                  particle=mu+ beamX=0 beamY=0 beamZ=0 beamT=0
                           rotation= referenceMomentum=200 beamXp=0 beamYp=0
                           meanMomentum=200 meanXp=0 meanYp=0 tuneZ=-3.7e+21
                           tuneMomentum=-3.7e+21 tolerance=0.001 noEfield=0
                           noBfield=0 noEloss=0 P=200
particlecolor              reference=1,1,1
beam    GAUSSIAN particle=mu+ nEvents=100 firstEvent=-1 lastEvent=2147483647 beamX=1.5 beamY=0.0 beamZ=0.0 maxR=1000000.0 
		meanMomentum=200.0 weight=1.000000 
		sigmaX=20.0 sigmaY=20.0 sigmaZ=0.0 sigmaXp=0.10000 sigmaYp=0.10000 
		sigmaP=0.0 sigmaT=0.000 meanXp=0.00000 meanYp=-0.00730 meanT=0.000 
trackcuts                  kill= keep= killSecondaries=1 kineticEnergyCut=0
                           kineticEnergyMax=1.798e+308 maxTime=1e+06
                           keepPrimaries=0 steppingVerbose=0
trace                      nTrace=10 format=asciiTrace oneNTuple=1
                           primaryOnly=0 traceTune=1 filename=AllTracks
                           file=AllTracks require= coordinates=Centerline
param        solinner      400.0
param        solthick      100.0
param        sollength     400.0
param        period        2000.0
param        solcurrent    100.0
param        maxStep       5.0
coil    Coil1   innerRadius=400.0 outerRadius=500.0 length=400.0 material=Cu 
		tolerance=0.002 nSheets=0 
		maxR=5000.0 maxZ=10000.0 dR=0.0 dZ=0.0 filename=Coil1.dat 
coilmap Coil1   tolerance=0.00200 [fraction of Bz(r=0,z=0)]
coilmap Coil1   read file 'Coil1.dat'  dR=15.6 dZ=15.6
solenoid     FOFOfCoil     coilName=Coil1 current=100 color=1,1,1 alternate=0
                           kill=0 coil=Coil1
solenoid     FOFOdCoil     coilName=Coil1 current=-100 color=1,1,1 alternate=0
                           kill=0 coil=Coil1
virtualdetector betmin     radius=300 innerRadius=0 height=600 width=600
                           length=0.001 maxStep=5 material= color= noSingles=0
                           format=bltrackfile filename= file= require=
                           referenceParticle=0 coordinates=Centerline kill=0
virtualdetector betmax     radius=300 innerRadius=0 height=600 width=600
                           length=0.001 maxStep=5 material= color= noSingles=0
                           format=bltrackfile filename= file= require=
                           referenceParticle=0 coordinates=Centerline kill=0
do i=0,10,1
(do i=0)
place   betmax  copies=1 x=0.0 y=0.0 z=0.0 
place   betmin  copies=1 x=0.0 y=0.0 z=500.0 
place   FOFOfCoil copies=1 x=0.0 y=0.0 z=500.0 
place   betmax  copies=1 x=0.0 y=0.0 z=1000.0 
place   FOFOdCoil copies=1 x=0.0 y=0.0 z=1500.0 
place   betmin  copies=1 x=0.0 y=0.0 z=1500.0 
(do i=1)
place   betmax  copies=1 x=0.0 y=0.0 z=2000.0 
place   betmin  copies=1 x=0.0 y=0.0 z=2500.0 
place   FOFOfCoil copies=1 x=0.0 y=0.0 z=2500.0 
place   betmax  copies=1 x=0.0 y=0.0 z=3000.0 
place   FOFOdCoil copies=1 x=0.0 y=0.0 z=3500.0 
place   betmin  copies=1 x=0.0 y=0.0 z=3500.0 
(do i=2)
place   betmax  copies=1 x=0.0 y=0.0 z=4000.0 
place   betmin  copies=1 x=0.0 y=0.0 z=4500.0 
place   FOFOfCoil copies=1 x=0.0 y=0.0 z=4500.0 
place   betmax  copies=1 x=0.0 y=0.0 z=5000.0 
place   FOFOdCoil copies=1 x=0.0 y=0.0 z=5500.0 
place   betmin  copies=1 x=0.0 y=0.0 z=5500.0 
(do i=3)
place   betmax  copies=1 x=0.0 y=0.0 z=6000.0 
place   betmin  copies=1 x=0.0 y=0.0 z=6500.0 
place   FOFOfCoil copies=1 x=0.0 y=0.0 z=6500.0 
place   betmax  copies=1 x=0.0 y=0.0 z=7000.0 
place   FOFOdCoil copies=1 x=0.0 y=0.0 z=7500.0 
place   betmin  copies=1 x=0.0 y=0.0 z=7500.0 
(do i=4)
place   betmax  copies=1 x=0.0 y=0.0 z=8000.0 
place   betmin  copies=1 x=0.0 y=0.0 z=8500.0 
place   FOFOfCoil copies=1 x=0.0 y=0.0 z=8500.0 
place   betmax  copies=1 x=0.0 y=0.0 z=9000.0 
place   FOFOdCoil copies=1 x=0.0 y=0.0 z=9500.0 
place   betmin  copies=1 x=0.0 y=0.0 z=9500.0 
(do i=5)
place   betmax  copies=1 x=0.0 y=0.0 z=10000.0 
place   betmin  copies=1 x=0.0 y=0.0 z=10500.0 
place   FOFOfCoil copies=1 x=0.0 y=0.0 z=10500.0 
place   betmax  copies=1 x=0.0 y=0.0 z=11000.0 
place   FOFOdCoil copies=1 x=0.0 y=0.0 z=11500.0 
place   betmin  copies=1 x=0.0 y=0.0 z=11500.0 
(do i=6)
place   betmax  copies=1 x=0.0 y=0.0 z=12000.0 
place   betmin  copies=1 x=0.0 y=0.0 z=12500.0 
place   FOFOfCoil copies=1 x=0.0 y=0.0 z=12500.0 
place   betmax  copies=1 x=0.0 y=0.0 z=13000.0 
place   FOFOdCoil copies=1 x=0.0 y=0.0 z=13500.0 
place   betmin  copies=1 x=0.0 y=0.0 z=13500.0 
(do i=7)
place   betmax  copies=1 x=0.0 y=0.0 z=14000.0 
place   betmin  copies=1 x=0.0 y=0.0 z=14500.0 
place   FOFOfCoil copies=1 x=0.0 y=0.0 z=14500.0 
place   betmax  copies=1 x=0.0 y=0.0 z=15000.0 
place   FOFOdCoil copies=1 x=0.0 y=0.0 z=15500.0 
place   betmin  copies=1 x=0.0 y=0.0 z=15500.0 
(do i=8)
place   betmax  copies=1 x=0.0 y=0.0 z=16000.0 
place   betmin  copies=1 x=0.0 y=0.0 z=16500.0 
place   FOFOfCoil copies=1 x=0.0 y=0.0 z=16500.0 
place   betmax  copies=1 x=0.0 y=0.0 z=17000.0 
place   FOFOdCoil copies=1 x=0.0 y=0.0 z=17500.0 
place   betmin  copies=1 x=0.0 y=0.0 z=17500.0 
(do i=9)
place   betmax  copies=1 x=0.0 y=0.0 z=18000.0 
place   betmin  copies=1 x=0.0 y=0.0 z=18500.0 
place   FOFOfCoil copies=1 x=0.0 y=0.0 z=18500.0 
place   betmax  copies=1 x=0.0 y=0.0 z=19000.0 
place   FOFOdCoil copies=1 x=0.0 y=0.0 z=19500.0 
place   betmin  copies=1 x=0.0 y=0.0 z=19500.0 
(do i=10)
place   betmax  copies=1 x=0.0 y=0.0 z=20000.0 
place   betmin  copies=1 x=0.0 y=0.0 z=20500.0 
place   FOFOfCoil copies=1 x=0.0 y=0.0 z=20500.0 
place   betmax  copies=1 x=0.0 y=0.0 z=21000.0 
place   FOFOdCoil copies=1 x=0.0 y=0.0 z=21500.0 
place   betmin  copies=1 x=0.0 y=0.0 z=21500.0 
enddo

World size (before incrementing by 201.357 mm): 1000.0 H  1000.0 W  43400.0 L

PARAMETERS:
            Zcl=21500
         beamxp=0.0
         beamyp=-0.0073
         degrad=0.017453293
     deltaChord=3.0
deltaIntersection=0.1
   deltaOneStep=0.01
         epsMax=0.05
         epsMin=2.5e-7
 eventTimeLimit=30
    fieldVoxels=200,200,200
      histoFile=g4beamline
    histoUpdate=0
              i=10
        maxStep=5.0
        minStep=0.01
         period=2000.0
             pi=3.141592654
           refP=200.0
     solcurrent=100.0
       solinner=400.0
      sollength=400.0
       solthick=100.0
 steppingFormat=N GLOBAL CL KE STEP VOL PROCESS
steppingVerbose=0
         viewer=best,1
 wallClockLimit=-1
  worldMaterial=Vacuum
     zTolerance=2.0
Checking overlaps for volume betmax:0 (G4Tubs) ... OK! 
BLCMDvirtualdetector::Construct betmax parent= relZ=0.0 globZ=0.0
Checking overlaps for volume betmin:0 (G4Tubs) ... OK! 
BLCMDvirtualdetector::Construct betmin parent= relZ=500.0 globZ=500.0
Checking overlaps for volume FOFOfCoil:0 (G4Tubs) ... OK! 
BLCMDsolenoid::Construct FOFOfCoil parent= relZ=500.0 globZ=500.0
	global pos=0.0,0.0,500.0  Checking overlaps for volume betmax:0 (G4Tubs) ... OK! 
**************************************************************************
*** G4Exception: Duplicate NTuple
***    severity: Warning
***   issued by: BLNTuple
*** description: VirtualDetector/betmax
**************************************************************************
BLCMDvirtualdetector::Construct betmax parent= relZ=1000.0 globZ=1000.0
Checking overlaps for volume FOFOdCoil:0 (G4Tubs) ... OK! 
BLCMDsolenoid::Construct FOFOdCoil parent= relZ=1500.0 globZ=1500.0
	global pos=0.0,0.0,1500.0  Checking overlaps for volume betmin:0 (G4Tubs) ... OK! 
**************************************************************************
*** G4Exception: Duplicate NTuple
***    severity: Warning
***   issued by: BLNTuple
*** description: VirtualDetector/betmin
**************************************************************************
BLCMDvirtualdetector::Construct betmin parent= relZ=1500.0 globZ=1500.0
Checking overlaps for volume betmax:0 (G4Tubs) ... OK! 
**************************************************************************
*** G4Exception: Duplicate NTuple
***    severity: Warning
***   issued by: BLNTuple
*** description: VirtualDetector/betmax
**************************************************************************
BLCMDvirtualdetector::Construct betmax parent= relZ=2000.0 globZ=2000.0
Checking overlaps for volume betmin:0 (G4Tubs) ... OK! 
**************************************************************************
*** G4Exception: Duplicate NTuple
***    severity: Warning
***   issued by: BLNTuple
*** description: VirtualDetector/betmin
**************************************************************************
BLCMDvirtualdetector::Construct betmin parent= relZ=2500.0 globZ=2500.0
Checking overlaps for volume FOFOfCoil:0 (G4Tubs) ... OK! 
BLCMDsolenoid::Construct FOFOfCoil parent= relZ=2500.0 globZ=2500.0
	global pos=0.0,0.0,2500.0  Checking overlaps for volume betmax:0 (G4Tubs) ... OK! 
**************************************************************************
*** G4Exception: Duplicate NTuple
***    severity: Warning
***   issued by: BLNTuple
*** description: VirtualDetector/betmax
**************************************************************************
BLCMDvirtualdetector::Construct betmax parent= relZ=3000.0 globZ=3000.0
Checking overlaps for volume FOFOdCoil:0 (G4Tubs) ... OK! 
BLCMDsolenoid::Construct FOFOdCoil parent= relZ=3500.0 globZ=3500.0
	global pos=0.0,0.0,3500.0  Checking overlaps for volume betmin:0 (G4Tubs) ... OK! 
**************************************************************************
*** G4Exception: Duplicate NTuple
***    severity: Warning
***   issued by: BLNTuple
*** description: VirtualDetector/betmin
**************************************************************************
BLCMDvirtualdetector::Construct betmin parent= relZ=3500.0 globZ=3500.0
Checking overlaps for volume betmax:0 (G4Tubs) ... OK! 
**************************************************************************
*** G4Exception: Duplicate NTuple
***    severity: Warning
***   issued by: BLNTuple
*** description: VirtualDetector/betmax
**************************************************************************
BLCMDvirtualdetector::Construct betmax parent= relZ=4000.0 globZ=4000.0
Checking overlaps for volume betmin:0 (G4Tubs) ... OK! 
**************************************************************************
*** G4Exception: Duplicate NTuple
***    severity: Warning
***   issued by: BLNTuple
*** description: VirtualDetector/betmin
**************************************************************************
BLCMDvirtualdetector::Construct betmin parent= relZ=4500.0 globZ=4500.0
Checking overlaps for volume FOFOfCoil:0 (G4Tubs) ... OK! 
BLCMDsolenoid::Construct FOFOfCoil parent= relZ=4500.0 globZ=4500.0
	global pos=0.0,0.0,4500.0  Checking overlaps for volume betmax:0 (G4Tubs) ... OK! 
**************************************************************************
*** G4Exception: Duplicate NTuple
***    severity: Warning
***   issued by: BLNTuple
*** description: VirtualDetector/betmax
**************************************************************************
BLCMDvirtualdetector::Construct betmax parent= relZ=5000.0 globZ=5000.0
Checking overlaps for volume FOFOdCoil:0 (G4Tubs) ... OK! 
BLCMDsolenoid::Construct FOFOdCoil parent= relZ=5500.0 globZ=5500.0
	global pos=0.0,0.0,5500.0  Checking overlaps for volume betmin:0 (G4Tubs) ... OK! 
**************************************************************************
*** G4Exception: Duplicate NTuple
***    severity: Warning
***   issued by: BLNTuple
*** description: VirtualDetector/betmin
***    printing: every 10-th occurrence
**************************************************************************
BLCMDvirtualdetector::Construct betmin parent= relZ=5500.0 globZ=5500.0
Checking overlaps for volume betmax:0 (G4Tubs) ... OK! 
BLCMDvirtualdetector::Construct betmax parent= relZ=6000.0 globZ=6000.0
Checking overlaps for volume betmin:0 (G4Tubs) ... OK! 
BLCMDvirtualdetector::Construct betmin parent= relZ=6500.0 globZ=6500.0
Checking overlaps for volume FOFOfCoil:0 (G4Tubs) ... OK! 
BLCMDsolenoid::Construct FOFOfCoil parent= relZ=6500.0 globZ=6500.0
	global pos=0.0,0.0,6500.0  Checking overlaps for volume betmax:0 (G4Tubs) ... OK! 
BLCMDvirtualdetector::Construct betmax parent= relZ=7000.0 globZ=7000.0
Checking overlaps for volume FOFOdCoil:0 (G4Tubs) ... OK! 
BLCMDsolenoid::Construct FOFOdCoil parent= relZ=7500.0 globZ=7500.0
	global pos=0.0,0.0,7500.0  Checking overlaps for volume betmin:0 (G4Tubs) ... OK! 
BLCMDvirtualdetector::Construct betmin parent= relZ=7500.0 globZ=7500.0
Checking overlaps for volume betmax:0 (G4Tubs) ... OK! 
BLCMDvirtualdetector::Construct betmax parent= relZ=8000.0 globZ=8000.0
Checking overlaps for volume betmin:0 (G4Tubs) ... OK! 
BLCMDvirtualdetector::Construct betmin parent= relZ=8500.0 globZ=8500.0
Checking overlaps for volume FOFOfCoil:0 (G4Tubs) ... OK! 
BLCMDsolenoid::Construct FOFOfCoil parent= relZ=8500.0 globZ=8500.0
	global pos=0.0,0.0,8500.0  Checking overlaps for volume betmax:0 (G4Tubs) ... OK! 
BLCMDvirtualdetector::Construct betmax parent= relZ=9000.0 globZ=9000.0
Checking overlaps for volume FOFOdCoil:0 (G4Tubs) ... OK! 
BLCMDsolenoid::Construct FOFOdCoil parent= relZ=9500.0 globZ=9500.0
	global pos=0.0,0.0,9500.0  Checking overlaps for volume betmin:0 (G4Tubs) ... OK! 
BLCMDvirtualdetector::Construct betmin parent= relZ=9500.0 globZ=9500.0
Checking overlaps for volume betmax:0 (G4Tubs) ... OK! 
BLCMDvirtualdetector::Construct betmax parent= relZ=10000.0 globZ=10000.0
Checking overlaps for volume betmin:0 (G4Tubs) ... OK! 
**************************************************************************
*** G4Exception: Duplicate NTuple
***    severity: Warning
***   issued by: BLNTuple
*** description: VirtualDetector/betmin
***    printing: every 10-th occurrence
**************************************************************************
BLCMDvirtualdetector::Construct betmin parent= relZ=10500.0 globZ=10500.0
Checking overlaps for volume FOFOfCoil:0 (G4Tubs) ... OK! 
BLCMDsolenoid::Construct FOFOfCoil parent= relZ=10500.0 globZ=10500.0
	global pos=0.0,0.0,10500.0  Checking overlaps for volume betmax:0 (G4Tubs) ... OK! 
BLCMDvirtualdetector::Construct betmax parent= relZ=11000.0 globZ=11000.0
Checking overlaps for volume FOFOdCoil:0 (G4Tubs) ... OK! 
BLCMDsolenoid::Construct FOFOdCoil parent= relZ=11500.0 globZ=11500.0
	global pos=0.0,0.0,11500.0  Checking overlaps for volume betmin:0 (G4Tubs) ... OK! 
BLCMDvirtualdetector::Construct betmin parent= relZ=11500.0 globZ=11500.0
Checking overlaps for volume betmax:0 (G4Tubs) ... OK! 
BLCMDvirtualdetector::Construct betmax parent= relZ=12000.0 globZ=12000.0
Checking overlaps for volume betmin:0 (G4Tubs) ... OK! 
BLCMDvirtualdetector::Construct betmin parent= relZ=12500.0 globZ=12500.0
Checking overlaps for volume FOFOfCoil:0 (G4Tubs) ... OK! 
BLCMDsolenoid::Construct FOFOfCoil parent= relZ=12500.0 globZ=12500.0
	global pos=0.0,0.0,12500.0  Checking overlaps for volume betmax:0 (G4Tubs) ... OK! 
BLCMDvirtualdetector::Construct betmax parent= relZ=13000.0 globZ=13000.0
Checking overlaps for volume FOFOdCoil:0 (G4Tubs) ... OK! 
BLCMDsolenoid::Construct FOFOdCoil parent= relZ=13500.0 globZ=13500.0
	global pos=0.0,0.0,13500.0  Checking overlaps for volume betmin:0 (G4Tubs) ... OK! 
BLCMDvirtualdetector::Construct betmin parent= relZ=13500.0 globZ=13500.0
Checking overlaps for volume betmax:0 (G4Tubs) ... OK! 
BLCMDvirtualdetector::Construct betmax parent= relZ=14000.0 globZ=14000.0
Checking overlaps for volume betmin:0 (G4Tubs) ... OK! 
BLCMDvirtualdetector::Construct betmin parent= relZ=14500.0 globZ=14500.0
Checking overlaps for volume FOFOfCoil:0 (G4Tubs) ... OK! 
BLCMDsolenoid::Construct FOFOfCoil parent= relZ=14500.0 globZ=14500.0
	global pos=0.0,0.0,14500.0  Checking overlaps for volume betmax:0 (G4Tubs) ... OK! 
BLCMDvirtualdetector::Construct betmax parent= relZ=15000.0 globZ=15000.0
Checking overlaps for volume FOFOdCoil:0 (G4Tubs) ... OK! 
BLCMDsolenoid::Construct FOFOdCoil parent= relZ=15500.0 globZ=15500.0
	global pos=0.0,0.0,15500.0  Checking overlaps for volume betmin:0 (G4Tubs) ... OK! 
**************************************************************************
*** G4Exception: Duplicate NTuple
***    severity: Warning
***   issued by: BLNTuple
*** description: VirtualDetector/betmin
***    printing: every 10-th occurrence
**************************************************************************
BLCMDvirtualdetector::Construct betmin parent= relZ=15500.0 globZ=15500.0
Checking overlaps for volume betmax:0 (G4Tubs) ... OK! 
BLCMDvirtualdetector::Construct betmax parent= relZ=16000.0 globZ=16000.0
Checking overlaps for volume betmin:0 (G4Tubs) ... OK! 
BLCMDvirtualdetector::Construct betmin parent= relZ=16500.0 globZ=16500.0
Checking overlaps for volume FOFOfCoil:0 (G4Tubs) ... OK! 
BLCMDsolenoid::Construct FOFOfCoil parent= relZ=16500.0 globZ=16500.0
	global pos=0.0,0.0,16500.0  Checking overlaps for volume betmax:0 (G4Tubs) ... OK! 
BLCMDvirtualdetector::Construct betmax parent= relZ=17000.0 globZ=17000.0
Checking overlaps for volume FOFOdCoil:0 (G4Tubs) ... OK! 
BLCMDsolenoid::Construct FOFOdCoil parent= relZ=17500.0 globZ=17500.0
	global pos=0.0,0.0,17500.0  Checking overlaps for volume betmin:0 (G4Tubs) ... OK! 
BLCMDvirtualdetector::Construct betmin parent= relZ=17500.0 globZ=17500.0
Checking overlaps for volume betmax:0 (G4Tubs) ... OK! 
BLCMDvirtualdetector::Construct betmax parent= relZ=18000.0 globZ=18000.0
Checking overlaps for volume betmin:0 (G4Tubs) ... OK! 
BLCMDvirtualdetector::Construct betmin parent= relZ=18500.0 globZ=18500.0
Checking overlaps for volume FOFOfCoil:0 (G4Tubs) ... OK! 
BLCMDsolenoid::Construct FOFOfCoil parent= relZ=18500.0 globZ=18500.0
	global pos=0.0,0.0,18500.0  Checking overlaps for volume betmax:0 (G4Tubs) ... OK! 
BLCMDvirtualdetector::Construct betmax parent= relZ=19000.0 globZ=19000.0
Checking overlaps for volume FOFOdCoil:0 (G4Tubs) ... OK! 
BLCMDsolenoid::Construct FOFOdCoil parent= relZ=19500.0 globZ=19500.0
	global pos=0.0,0.0,19500.0  Checking overlaps for volume betmin:0 (G4Tubs) ... OK! 
BLCMDvirtualdetector::Construct betmin parent= relZ=19500.0 globZ=19500.0
Checking overlaps for volume betmax:0 (G4Tubs) ... OK! 
BLCMDvirtualdetector::Construct betmax parent= relZ=20000.0 globZ=20000.0
Checking overlaps for volume betmin:0 (G4Tubs) ... OK! 
**************************************************************************
*** G4Exception: Duplicate NTuple
***    severity: Warning
***   issued by: BLNTuple
*** description: VirtualDetector/betmin
***    printing: every 10-th occurrence
**************************************************************************
BLCMDvirtualdetector::Construct betmin parent= relZ=20500.0 globZ=20500.0
Checking overlaps for volume FOFOfCoil:0 (G4Tubs) ... OK! 
BLCMDsolenoid::Construct FOFOfCoil parent= relZ=20500.0 globZ=20500.0
	global pos=0.0,0.0,20500.0  Checking overlaps for volume betmax:0 (G4Tubs) ... OK! 
BLCMDvirtualdetector::Construct betmax parent= relZ=21000.0 globZ=21000.0
Checking overlaps for volume FOFOdCoil:0 (G4Tubs) ... OK! 
BLCMDsolenoid::Construct FOFOdCoil parent= relZ=21500.0 globZ=21500.0
	global pos=0.0,0.0,21500.0  Checking overlaps for volume betmin:0 (G4Tubs) ... OK! 
BLCMDvirtualdetector::Construct betmin parent= relZ=21500.0 globZ=21500.0
### Adding tracking cuts for neutron  TimeCut(ns)= 10000  KinEnergyCut(MeV)= 0

Geometry test nPoints=100 tolerance=0.002 mm:
Testing geometry for children of group 'World':
Total geometry errors = 0  0 seconds

================= Prepare Tune Particle(s) ===========
================= Begin Tune Particle(s) =============
**************************************************************************
*** G4Exception: EM Field Extends Outside World
***    severity: Warning
***   issued by: BLGlobalField
*** description: May give inaccurate tracking near world boundary.
***     EventID: -2     TrackID: 1   mu+  KE=120.5 MeV
**************************************************************************
fieldVoxels: nx=7 ny=7 nz=157, 7693 voxels, 22 fields
fieldVoxels: max field count is 21 fields, # voxels >5: 6468, >10: 5194, >20: 98
**************************************************************************
*** G4Exception: Check number of field voxels
***    severity: Warning
***   issued by: BLGlobalField
*** description: nVoxels = 7693, max fields/voxel = 21
***     EventID: -2     TrackID: 1   mu+  KE=120.5 MeV
**************************************************************************
Run complete  1 Events  0 seconds
================== Begin Reference Particle(s) ===============
Run complete  1 Events  0 seconds
================== Prepare Visualization ==================
**************************************************************************
*** G4Exception: All stochastic processes disabled
***    severity: Warning
***   issued by: physics
**************************************************************************
Available UI session types: [ Qt, tcsh, csh ]
Visualization Manager instantiating with verbosity "warnings (3)"...
Visualization Manager initialising...
Registering graphics systems...

You have successfully registered the following graphics systems.
Registered graphics systems are:
  ASCIITree (ATree)
  DAWNFILE (DAWNFILE)
  G4HepRepFile (HepRepFile)
  RayTracer (RayTracer)
  VRML2FILE (VRML2FILE)
  gMocrenFile (gMocrenFile)
  OpenGLImmediateQt (OGLIQt, OGLI)
  OpenGLStoredQt (OGLSQt, OGL, OGLS)
  Qt3D (Qt3D)

Registering model factories...

You have successfully registered the following model factories.
Registered model factories:
  generic
  drawByAttribute
  drawByCharge
  drawByOriginVolume
  drawByParticleID
  drawByEncounteredVolume

Registered models:
  None

Registered filter factories:
  attributeFilter
  chargeFilter
  originVolumeFilter
  particleFilter
  encounteredVolumeFilter

Registered filters:
  None

You have successfully registered the following user vis actions.
Run Duration User Vis Actions: none
End of Event User Vis Actions: none
End of Run User Vis Actions: none

Some /vis commands (optionally) take a string to specify colour.
"/vis/list" to see available colours.

Selected visualization viewer: Qt
BLVisManager init: /vis/open OGLSQt
BLVisManager init: /vis/viewer/set/auxiliaryEdge true
BLVisManager init: /vis/viewer/set/style surface
BLVisManager init: /vis/viewer/set/viewpointThetaPhi 0 0 deg
BLVisManager init: /vis/drawVolume
BLVisManager init: /tracking/storeTrajectory 1
BLVisManager init: /vis/scene/add/trajectories
/tracking/storeTrajectory 1
Attributes available for modeling and filtering with
  "/vis/modeling/trajectories/create/drawByAttribute" and
  "/vis/filtering/trajectories/create/attributeFilter" commands:
G4TrajectoriesModel:
  Event ID (EventID): G4int
  Run ID (RunID): G4int
G4Trajectory:
  Charge (Ch): unit: e+ (G4double)
  Track ID (ID): G4int
  Initial kinetic energy (IKE): G4BestUnit (G4double)
  Initial momentum magnitude (IMag): G4BestUnit (G4double)
  Initial momentum (IMom): G4BestUnit (G4ThreeVector)
  No. of points (NTP): G4int
  PDG Encoding (PDG): G4int
  Parent ID (PID): G4int
  Particle Name (PN): G4String
G4TrajectoryPoint:
  Position (Pos): G4BestUnit (G4ThreeVector)
WARNING: Trajectory storing has been requested.  This action may be
  reversed with "/tracking/storeTrajectory 0".
BLVisManager init: /vis/scene/endOfEventAction accumulate -1
WARNING: The vis manager will keep an unlimited number of events.
  This may use a lot of memory.
  It may be changed with, e.g., "/vis/scene/endOfEventAction accumulate 10".
BLVisManager init: /vis/viewer/set/hiddenMarker true

WARNING: No extent set for user vis action "DrawMarkers".
WARNING: User Vis Action "DrawMarkers" extent is null.
 Changing export format to "jpg"
2025-05-28 13:17:43.278 g4bl[28820:23278944] +[IMKClient subclass]: chose IMKClient_Modern
2025-05-28 13:17:43.278 g4bl[28820:23278944] +[IMKInputSession subclass]: chose IMKInputSession_Modern

Graphics systems deleted.
Visualization Manager deleting...

Exceptions: 0 Fatal, 0 Events Aborted, 0 Stuck Tracks (stopped), 45 Warnings
      1 times: All stochastic processes disabled
      1 times: Check number of field voxels
     42 times: Duplicate NTuple
      1 times: EM Field Extends Outside World
g4beamline: simulation complete
