Geant4Data: required dataset G4EMLOW.8.0 not found
Geant4Data: required dataset G4ENSDFSTATE.2.3 not found
Geant4Data: required dataset G4PARTICLEXS.4.0 not found
Geant4Data: required dataset G4PhotonEvaporation.5.7 not found
Geant4Data: required dataset G4RadioactiveDecay.5.6 not found
2025-05-29 08:31:46.082 g4bldata[35364:23615109] +[IMKClient subclass]: chose IMKClient_Modern
2025-05-29 08:31:46.082 g4bldata[35364:23615109] +[IMKInputSession subclass]: chose IMKInputSession_Modern
Geant4Data: required dataset G4EMLOW.8.0 not found
Geant4Data: required dataset G4ENSDFSTATE.2.3 not found
Geant4Data: required dataset G4PARTICLEXS.4.0 not found
Geant4Data: required dataset G4PhotonEvaporation.5.7 not found
Geant4Data: required dataset G4RadioactiveDecay.5.6 not found
G4BL_DIR=/Applications/G4beamline-3.08.app/Contents
LD_LIBRARY_PATH='/Applications/G4beamline-3.08.app/Contents/lib:'
Running "/Applications/G4beamline-3.08.app/Contents/MacOS/g4bldata"
"/Applications/G4beamline-3.08.app/Contents/MacOS/g4bldata" returns
G4beamline Process ID 35363

*************************************************************
 g4beamline version: 3.08                        (Oct  8 2022)
                      Copyright : Tom Roberts, Muons, Inc.
                        License : Gnu Public License
                            WWW : http://g4beamline.muonsinc.com

          ################################
          !!! G4Backtrace is activated !!!
          ################################

**************************************************************************
*** G4Exception: PART70000
***    severity: Fatal Exception
***   issued by: G4NuclideTable
*** description: G4ENSDFSTATEDATA environment variable must be set
**************************************************************************
g4beamline: attempting to close up after fatal G4Exception...
**************************************************************************
*** G4Exception: Run0031
***    severity: Fatal Exception
***   issued by: G4RunManager::G4RunManager()
*** description: G4RunManager constructed twice.
**************************************************************************
g4beamline: attempting to close up after fatal G4Exception...
**************************************************************************
*** G4Exception: Run0031
***    severity: Fatal Exception
***   issued by: G4RunManager::G4RunManager()
*** description: G4RunManager constructed twice.
**************************************************************************
g4beamline: attempting to close up after fatal G4Exception...
**************************************************************************
*** G4Exception: Run0031
***    severity: Fatal Exception
***   issued by: G4RunManager::G4RunManager()
*** description: G4RunManager constructed twice.
**************************************************************************
